rafal@MacBook-Pro-rafal 01_bmi % adb shell monkey -p edu.pjatk.bmi -v 500
  bash arg: -p
  bash arg: edu.pjatk.bmi
  bash arg: -v
  bash arg: 500
args: [-p, edu.pjatk.bmi, -v, 500]
 arg: "-p"
 arg: "edu.pjatk.bmi"
 arg: "-v"
 arg: "500"
data="edu.pjatk.bmi"
:Monkey: seed=1745760387633 count=500
:AllowPackage: edu.pjatk.bmi
:IncludeCategory: android.intent.category.LAUNCHER
:IncludeCategory: android.intent.category.MONKEY
// Event percentages:
//   0: 15.0%
//   1: 10.0%
//   2: 2.0%
//   3: 15.0%
//   4: -0.0%
//   5: -0.0%
//   6: 25.0%
//   7: 15.0%
//   8: 2.0%
//   9: 2.0%
//   10: 1.0%
//   11: 13.0%
:Switch: #Intent;action=android.intent.action.MAIN;category=android.intent.category.LAUNCHER;launchFlags=0x10200000;component=edu.pjatk.bmi/.MainActivity;end
    // Allowing start of Intent { act=android.intent.action.MAIN cat=[android.intent.category.LAUNCHER] cmp=edu.pjatk.bmi/.MainActivity } in package edu.pjatk.bmi
:Sending Touch (ACTION_DOWN): 0:(569.0,532.0)
:Sending Touch (ACTION_UP): 0:(538.7578,532.22363)
:Sending Trackball (ACTION_MOVE): 0:(-2.0,4.0)
:Sending Trackball (ACTION_MOVE): 0:(-1.0,1.0)
:Sending Touch (ACTION_DOWN): 0:(574.0,942.0)
:Sending Touch (ACTION_UP): 0:(571.84766,939.28516)
:Sending Touch (ACTION_DOWN): 0:(980.0,516.0)
:Sending Touch (ACTION_UP): 0:(996.0713,513.0371)
:Sending Trackball (ACTION_MOVE): 0:(0.0,1.0)
:Sending Touch (ACTION_DOWN): 0:(105.0,1402.0)
:Sending Touch (ACTION_UP): 0:(114.052734,1405.6777)
:Sending Touch (ACTION_DOWN): 0:(1055.0,1073.0)
:Sending Touch (ACTION_UP): 0:(1044.5195,1069.0029)
:Sending Trackball (ACTION_MOVE): 0:(-3.0,-4.0)
:Sending Trackball (ACTION_MOVE): 0:(0.0,-2.0)
:Sending Trackball (ACTION_UP): 0:(0.0,0.0)
:Sending Trackball (ACTION_MOVE): 0:(-2.0,-2.0)
    //[calendar_time:2025-04-25 13:54:39.377  system_uptime:15919313]
    // Sending event #100
:Sending Touch (ACTION_DOWN): 0:(320.0,1501.0)
:Sending Touch (ACTION_UP): 0:(336.30664,1495.7891)
:Sending Touch (ACTION_DOWN): 0:(184.0,43.0)
    // Rejecting start of Intent { act=android.intent.action.CALL_BUTTON cmp=com.google.android.dialer/com.android.dialer.main.impl.MainActivity } in package com.google.android.dialer
:Sending Touch (ACTION_UP): 0:(255.44336,0.0)
:Sending Touch (ACTION_DOWN): 0:(645.0,1008.0)
:Sending Touch (ACTION_UP): 0:(643.9004,1021.57715)
:Sending Trackball (ACTION_MOVE): 0:(-2.0,-1.0)
:Sending Trackball (ACTION_MOVE): 0:(-3.0,-2.0)
:Sending Trackball (ACTION_MOVE): 0:(2.0,-1.0)
:Switch: #Intent;action=android.intent.action.MAIN;category=android.intent.category.LAUNCHER;launchFlags=0x10200000;component=edu.pjatk.bmi/.MainActivity;end
    // Allowing start of Intent { act=android.intent.action.MAIN cat=[android.intent.category.LAUNCHER] cmp=edu.pjatk.bmi/.MainActivity } in package edu.pjatk.bmi
:Sending Touch (ACTION_DOWN): 0:(742.0,493.0)
:Sending Touch (ACTION_UP): 0:(641.7002,515.83203)
:Sending Trackball (ACTION_MOVE): 0:(-5.0,2.0)
:Sending Trackball (ACTION_UP): 0:(0.0,0.0)
:Switch: #Intent;action=android.intent.action.MAIN;category=android.intent.category.LAUNCHER;launchFlags=0x10200000;component=edu.pjatk.bmi/.MainActivity;end
    // Allowing start of Intent { act=android.intent.action.MAIN cat=[android.intent.category.LAUNCHER] cmp=edu.pjatk.bmi/.MainActivity } in package edu.pjatk.bmi
:Sending Touch (ACTION_DOWN): 0:(221.0,1410.0)
:Sending Touch (ACTION_UP): 0:(195.67871,1373.5977)
:Sending Touch (ACTION_DOWN): 0:(240.0,685.0)
    //[calendar_time:2025-04-25 13:54:40.561  system_uptime:15920489]
    // Sending event #200
:Sending Touch (ACTION_UP): 0:(307.65234,732.3594)
:Sending Trackball (ACTION_MOVE): 0:(4.0,1.0)
:Sending Touch (ACTION_DOWN): 0:(990.0,683.0)
:Sending Touch (ACTION_UP): 0:(977.20703,683.20703)
:Sending Trackball (ACTION_MOVE): 0:(-2.0,1.0)
:Sending Trackball (ACTION_MOVE): 0:(-5.0,1.0)
:Sending Trackball (ACTION_MOVE): 0:(3.0,-5.0)
:Sending Touch (ACTION_DOWN): 0:(883.0,866.0)
:Sending Touch (ACTION_UP): 0:(889.2363,861.28125)
:Sending Trackball (ACTION_MOVE): 0:(2.0,0.0)
:Sending Trackball (ACTION_MOVE): 0:(-1.0,3.0)
:Sending Touch (ACTION_DOWN): 0:(710.0,488.0)
:Sending Touch (ACTION_UP): 0:(710.0117,487.3086)
:Sending Touch (ACTION_DOWN): 0:(586.0,1006.0)
:Sending Touch (ACTION_UP): 0:(592.1162,1009.2783)
:Sending Trackball (ACTION_MOVE): 0:(4.0,-2.0)
    //[calendar_time:2025-04-25 13:54:41.280  system_uptime:15921207]
    // Sending event #300
    // Rejecting start of Intent { act=android.intent.action.CALL_BUTTON cmp=com.google.android.dialer/com.android.dialer.main.impl.MainActivity } in package com.google.android.dialer
:Sending Touch (ACTION_DOWN): 0:(581.0,194.0)
:Sending Touch (ACTION_UP): 0:(579.61426,195.89258)
:Sending Trackball (ACTION_MOVE): 0:(1.0,-5.0)
:Sending Trackball (ACTION_MOVE): 0:(-3.0,1.0)
:Sending Touch (ACTION_DOWN): 0:(175.0,75.0)
:Sending Touch (ACTION_UP): 0:(192.83301,88.69238)
:Sending Trackball (ACTION_MOVE): 0:(0.0,3.0)
:Sending Touch (ACTION_DOWN): 0:(518.0,102.0)
:Sending Touch (ACTION_UP): 0:(415.1455,49.00586)
:Sending Touch (ACTION_DOWN): 0:(566.0,1992.0)
:Sending Touch (ACTION_UP): 0:(555.7461,1944.5098)
:Sending Trackball (ACTION_MOVE): 0:(-3.0,-1.0)
    //[calendar_time:2025-04-25 13:54:41.859  system_uptime:15921787]
    // Sending event #400
:Sending Touch (ACTION_DOWN): 0:(967.0,1114.0)
:Sending Touch (ACTION_UP): 0:(980.77344,1104.6631)
:Sending Trackball (ACTION_MOVE): 0:(-1.0,-2.0)
:Sending Trackball (ACTION_MOVE): 0:(0.0,-5.0)
:Sending Trackball (ACTION_MOVE): 0:(4.0,1.0)
:Sending Touch (ACTION_DOWN): 0:(545.0,2360.0)
:Sending Touch (ACTION_UP): 0:(553.4209,2376.5918)
:Sending Touch (ACTION_DOWN): 0:(695.0,135.0)
:Sending Touch (ACTION_UP): 0:(718.4414,172.43262)
:Sending Trackball (ACTION_MOVE): 0:(-2.0,0.0)
:Sending Touch (ACTION_DOWN): 0:(401.0,2035.0)
:Sending Touch (ACTION_UP): 0:(403.40527,2035.124)
:Sending Flip keyboardOpen=false
Got IOException performing flipjava.io.FileNotFoundException: /dev/input/event0: open failed: EACCES (Permission denied)
    // Injection Failed
:Sending Flip keyboardOpen=true
Got IOException performing flipjava.io.FileNotFoundException: /dev/input/event0: open failed: EACCES (Permission denied)
    // Injection Failed
:Sending Touch (ACTION_DOWN): 0:(682.0,941.0)
:Sending Touch (ACTION_UP): 0:(688.43945,937.749)
:Sending Trackball (ACTION_MOVE): 0:(0.0,-1.0)
Events injected: 500
:Sending rotation degree=0, persist=false
:Dropped: keys=0 pointers=0 trackballs=0 flips=2 rotations=0
## Network stats: elapsed time=3528ms (0ms mobile, 0ms wifi, 3528ms not connected)
// Monkey finished
rafal@MacBook-Pro-rafal 01_bmi %
